Flutter crash report.
Please report a bug at https://github.com/flutter/flutter/issues.

## command

flutter create --ios-language swift --android-language kotlin .

## exception

ProcessException: ProcessException: Process exited abnormally:
Command line invocation:
    /Applications/Xcode.app/Contents/Developer/usr/bin/xcodebuild -list


2020-12-02 15:04:14.957 xcodebuild[29666:349531] [MT] DVTPlugInManager: Required plug-in compatibility UUID DF12405B-55B4-4E00-8029-6AEFA7DBAD0F for KSImageNamed.ideplugin (com.ksuther.KSImageNamed) not present
xcodebuild: error: Unable to read project 'Runner.xcodeproj'.
	Reason: Project /Users/goose/tform/ios/Runner.xcodeproj cannot be opened because it is missing its project.pbxproj file.
  Command: xcrun xcodebuild -list

```
#0      RunResult.throwException (package:flutter_tools/src/base/process.dart:171:5)
#1      _DefaultProcessUtils.run (package:flutter_tools/src/base/process.dart:323:19)
<asynchronous suspension>
#2      XcodeProjectInterpreter.getInfo (package:flutter_tools/src/ios/xcodeproj.dart:416:30)
<asynchronous suspension>
#3      IosProject.projectInfo (package:flutter_tools/src/project.dart:565:29)
<asynchronous suspension>
#4      IosProject.buildSettingsForBuildInfo (package:flutter_tools/src/project.dart:547:35)
<asynchronous suspension>
#5      IosProject._parseProductBundleIdentifier (package:flutter_tools/src/project.dart:489:50)
<asynchronous suspension>
#6      IosProject.productBundleIdentifier (package:flutter_tools/src/project.dart:466:41)
<asynchronous suspension>
#7      FlutterProject.organizationNames (package:flutter_tools/src/project.dart:109:9)
<asynchronous suspension>
#8      CreateCommand.runCommand (package:flutter_tools/src/commands/create.dart:380:49)
<asynchronous suspension>
#9      FlutterCommand.verifyThenRunCommand (package:flutter_tools/src/runner/flutter_command.dart:1080:12)
<asynchronous suspension>
#10     FlutterCommand.run.<anonymous closure> (package:flutter_tools/src/runner/flutter_command.dart:931:27)
<asynchronous suspension>
#11     AppContext.run.<anonymous closure> (package:flutter_tools/src/base/context.dart:150:19)
<asynchronous suspension>
#12     AppContext.run (package:flutter_tools/src/base/context.dart:149:12)
<asynchronous suspension>
#13     CommandRunner.runCommand (package:args/command_runner.dart:197:13)
<asynchronous suspension>
#14     FlutterCommandRunner.runCommand.<anonymous closure> (package:flutter_tools/src/runner/flutter_command_runner.dart:284:9)
<asynchronous suspension>
#15     AppContext.run.<anonymous closure> (package:flutter_tools/src/base/context.dart:150:19)
<asynchronous suspension>
#16     AppContext.run (package:flutter_tools/src/base/context.dart:149:12)
<asynchronous suspension>
#17     FlutterCommandRunner.runCommand (package:flutter_tools/src/runner/flutter_command_runner.dart:230:5)
<asynchronous suspension>
#18     run.<anonymous closure>.<anonymous closure> (package:flutter_tools/runner.dart:63:9)
<asynchronous suspension>
#19     run.<anonymous closure> (package:flutter_tools/runner.dart:61:12)
<asynchronous suspension>
#20     AppContext.run.<anonymous closure> (package:flutter_tools/src/base/context.dart:150:19)
<asynchronous suspension>
#21     AppContext.run (package:flutter_tools/src/base/context.dart:149:12)
<asynchronous suspension>
#22     runInContext (package:flutter_tools/src/context_runner.dart:70:10)
<asynchronous suspension>
#23     main (package:flutter_tools/executable.dart:90:3)
<asynchronous suspension>
```

## flutter doctor

```
[✓] Flutter (Channel beta, 1.24.0-10.2.pre, on macOS 11.0.1 20B29 darwin-x64, locale zh-Hans-CN)
    • Flutter version 1.24.0-10.2.pre at /Users/goose/flutter
    • Framework revision 022b333a08 (13 天前), 2020-11-18 11:35:09 -0800
    • Engine revision 07c1eed46b
    • Dart version 2.12.0 (build 2.12.0-29.10.beta)

[!] Android toolchain - develop for Android devices (Android SDK version 29.0.3)
    • Android SDK at /Users/goose/Library/Android/sdk
    • Platform android-29, build-tools 29.0.3
    • Java binary at: /Applications/Android Studio.app/Contents/jre/jdk/Contents/Home/bin/java
    • Java version OpenJDK Runtime Environment (build 1.8.0_212-release-1586-b4-5784211)
    ! Some Android licenses not accepted.  To resolve this, run: flutter doctor --android-licenses

[✓] Xcode - develop for iOS and macOS (Xcode 12.2)
    • Xcode at /Applications/Xcode.app/Contents/Developer
    • Xcode 12.2, Build version 12B45b
    • CocoaPods version 1.9.3

[✓] Chrome - develop for the web
    • Chrome at /Applications/Google Chrome.app/Contents/MacOS/Google Chrome

[✓] Android Studio (version 3.6)
    • Android Studio at /Applications/Android Studio.app/Contents
    • Flutter plugin can be installed from:
      🔨 https://plugins.jetbrains.com/plugin/9212-flutter
    • Dart plugin can be installed from:
      🔨 https://plugins.jetbrains.com/plugin/6351-dart
    • Java version OpenJDK Runtime Environment (build 1.8.0_212-release-1586-b4-5784211)

[✓] VS Code (version 1.51.1)
    • VS Code at /Applications/Visual Studio Code.app/Contents
    • Flutter extension version 3.16.0

[✓] Connected device (3 available)
    • iPhone 12 Pro Max (mobile) • CAF4564C-488B-4118-B860-0C388E1062CC • ios            • com.apple.CoreSimulator.SimRuntime.iOS-14-2 (simulator)
    • Web Server (web)           • web-server                           • web-javascript • Flutter Tools
    • Chrome (web)               • chrome                               • web-javascript • Google Chrome 87.0.4280.67
    ! Error: EL-iphone6S-11.4 is not connected. Xcode will continue when EL-iphone6S-11.4 is connected. (code -13)
    ! Error: “EL-Iphone6-10 is not connected. Xcode will continue when “EL-Iphone6-10 is connected. (code -13)
    ! Error: iPhone is not connected. Xcode will continue when iPhone is connected. (code -13)
    ! Error: “翼龙贷”的 iPhone is not connected. Xcode will continue when “翼龙贷”的 iPhone is connected. (code -13)

! Doctor found issues in 1 category.
```
